<?xml version="1.0" encoding="UTF-8"?>
<!-- Generated by org.testng.reporters.JUnitXMLReporter -->
<testsuite ignored="49" hostname="DESKTOP-U2Q0TAP" failures="0" tests="1" name="Default test" time="48.656" errors="0" timestamp="2024-09-03T15:48:23 IST">
  <testcase classname="Testcase.UserMaster" name="checkAfterSelectAllRoleThenClickOnCancelFromModelNoRoleDisplayedOnForm" time="37.695"/>
  <testcase classname="Testcase.UserMaster" name="clickMenu" time="0.0">
    <ignored/>
  </testcase> <!-- clickMenu -->
  <testcase classname="Testcase.UserMaster" name="searchDataInsearchInput" time="0.0">
    <ignored/>
  </testcase> <!-- searchDataInsearchInput -->
  <testcase classname="Testcase.UserMaster" name="roleListGettingHideAfterClickingCancelFromModelPage" time="0.0">
    <ignored/>
  </testcase> <!-- roleListGettingHideAfterClickingCancelFromModelPage -->
  <testcase classname="Testcase.UserMaster" name="afterClickOnParticularRoleCheckBoxIsChecked" time="0.0">
    <ignored/>
  </testcase> <!-- afterClickOnParticularRoleCheckBoxIsChecked -->
  <testcase classname="Testcase.UserMaster" name="cancelAndOkButton" time="0.0">
    <ignored/>
  </testcase> <!-- cancelAndOkButton -->
  <testcase classname="Testcase.UserMaster" name="fieldName" time="0.0">
    <ignored/>
  </testcase> <!-- fieldName -->
  <testcase classname="Testcase.UserMaster" name="selectMccLabel" time="0.0">
    <ignored/>
  </testcase> <!-- selectMccLabel -->
  <testcase classname="Testcase.UserMaster" name="addUserButtonDisplayedAndEnabled" time="0.0">
    <ignored/>
  </testcase> <!-- addUserButtonDisplayedAndEnabled -->
  <testcase classname="Testcase.UserMaster" name="checkLogin" time="0.0">
    <ignored/>
  </testcase> <!-- checkLogin -->
  <testcase classname="Testcase.UserMaster" name="cancelClick" time="0.0">
    <ignored/>
  </testcase> <!-- cancelClick -->
  <testcase classname="Testcase.UserMaster" name="gender" time="0.0">
    <ignored/>
  </testcase> <!-- gender -->
  <testcase classname="Testcase.UserMaster" name="checkThatBydefaultFemaleGenderIsSelected" time="0.0">
    <ignored/>
  </testcase> <!-- checkThatBydefaultFemaleGenderIsSelected -->
  <testcase classname="Testcase.UserMaster" name="bydefaultStatusActivityOfToggleButton" time="0.0">
    <ignored/>
  </testcase> <!-- bydefaultStatusActivityOfToggleButton -->
  <testcase classname="Testcase.UserMaster" name="usertype_List" time="0.0">
    <ignored/>
  </testcase> <!-- usertype_List -->
  <testcase classname="Testcase.UserMaster" name="issearchInputClickable" time="0.0">
    <ignored/>
  </testcase> <!-- issearchInputClickable -->
  <testcase classname="Testcase.UserMaster" name="SimpleLogin" time="0.0">
    <ignored/>
  </testcase> <!-- SimpleLogin -->
  <testcase classname="Testcase.UserMaster" name="okClick1" time="0.0">
    <ignored/>
  </testcase> <!-- okClick1 -->
  <testcase classname="Testcase.UserMaster" name="generatePassword" time="0.0">
    <ignored/>
  </testcase> <!-- generatePassword -->
  <testcase classname="Testcase.UserMaster" name="selectGendermaleAndClickOkFromModelPageThenSelectedGenderDisplayedOnForm" time="0.0">
    <ignored/>
  </testcase> <!-- selectGendermaleAndClickOkFromModelPageThenSelectedGenderDisplayedOnForm -->
  <testcase classname="Testcase.UserMaster" name="getMandatoyFieldText" time="0.0">
    <ignored/>
  </testcase> <!-- getMandatoyFieldText -->
  <testcase classname="Testcase.UserMaster" name="dairyFarm_click" time="0.0">
    <ignored/>
  </testcase> <!-- dairyFarm_click -->
  <testcase classname="Testcase.UserMaster" name="email" time="0.0">
    <ignored/>
  </testcase> <!-- email -->
  <testcase classname="Testcase.UserMaster" name="backButtonIsEnableAndDisplayed" time="0.0">
    <ignored/>
  </testcase> <!-- backButtonIsEnableAndDisplayed -->
  <testcase classname="Testcase.UserMaster" name="clickOkButtonFromGenderModePage" time="0.0">
    <ignored/>
  </testcase> <!-- clickOkButtonFromGenderModePage -->
  <testcase classname="Testcase.UserMaster" name="checkCancelAndOkButtonOnRoleListMode" time="0.0">
    <ignored/>
  </testcase> <!-- checkCancelAndOkButtonOnRoleListMode -->
  <testcase classname="Testcase.UserMaster" name="selectGenderOtherAndClickOkFromModelPageThenSelectedGenderDisplayedOnForm" time="0.0">
    <ignored/>
  </testcase> <!-- selectGenderOtherAndClickOkFromModelPageThenSelectedGenderDisplayedOnForm -->
  <testcase classname="Testcase.UserMaster" name="byDefaultCheckBoxIsUncheckedInRoleList" time="0.0">
    <ignored/>
  </testcase> <!-- byDefaultCheckBoxIsUncheckedInRoleList -->
  <testcase classname="Testcase.UserMaster" name="clickOnFelmaleOrOtherToCheckRadioIsSelected" time="0.0">
    <ignored/>
  </testcase> <!-- clickOnFelmaleOrOtherToCheckRadioIsSelected -->
  <testcase classname="Testcase.UserMaster" name="masterDisplayedInMenu" time="0.0">
    <ignored/>
  </testcase> <!-- masterDisplayedInMenu -->
  <testcase classname="Testcase.UserMaster" name="clickCancelButtonFromGenderModelPage" time="0.0">
    <ignored/>
  </testcase> <!-- clickCancelButtonFromGenderModelPage -->
  <testcase classname="Testcase.UserMaster" name="selectGenderFemaleAndClickOkFromModelPageThenSelectedGenderDisplayedOnForm" time="0.0">
    <ignored/>
  </testcase> <!-- selectGenderFemaleAndClickOkFromModelPageThenSelectedGenderDisplayedOnForm -->
  <testcase classname="Testcase.UserMaster" name="searchInputIsAvailable" time="0.0">
    <ignored/>
  </testcase> <!-- searchInputIsAvailable -->
  <testcase classname="Testcase.UserMaster" name="clickAddUserButton" time="0.0">
    <ignored/>
  </testcase> <!-- clickAddUserButton -->
  <testcase classname="Testcase.UserMaster" name="usertype_Radio" time="0.0">
    <ignored/>
  </testcase> <!-- usertype_Radio -->
  <testcase classname="Testcase.UserMaster" name="dairyFarm" time="0.0">
    <ignored/>
  </testcase> <!-- dairyFarm -->
  <testcase classname="Testcase.UserMaster" name="backButtonIsAvailableAndClickable" time="0.0">
    <ignored/>
  </testcase> <!-- backButtonIsAvailableAndClickable -->
  <testcase classname="Testcase.UserMaster" name="okClick2" time="0.0">
    <ignored/>
  </testcase> <!-- okClick2 -->
  <testcase classname="Testcase.UserMaster" name="phone" time="0.0">
    <ignored/>
  </testcase> <!-- phone -->
  <testcase classname="Testcase.UserMaster" name="genderClick" time="0.0">
    <ignored/>
  </testcase> <!-- genderClick -->
  <testcase classname="Testcase.UserMaster" name="role" time="0.0">
    <ignored/>
  </testcase> <!-- role -->
  <testcase classname="Testcase.UserMaster" name="getGenderListFromModelPage" time="0.0">
    <ignored/>
  </testcase> <!-- getGenderListFromModelPage -->
  <testcase classname="Testcase.UserMaster" name="userMasterHeaderIsAvailable" time="0.0">
    <ignored/>
  </testcase> <!-- userMasterHeaderIsAvailable -->
  <testcase classname="Testcase.UserMaster" name="okClick" time="0.0">
    <ignored/>
  </testcase> <!-- okClick -->
  <testcase classname="Testcase.UserMaster" name="clickSelectRoleAndCheckRoleListIsDisplayedOnModelPage" time="0.0">
    <ignored/>
  </testcase> <!-- clickSelectRoleAndCheckRoleListIsDisplayedOnModelPage -->
  <testcase classname="Testcase.UserMaster" name="roleListDisplayedOnModelPage" time="0.0">
    <ignored/>
  </testcase> <!-- roleListDisplayedOnModelPage -->
  <testcase classname="Testcase.UserMaster" name="activeStatusDisplayed" time="0.0">
    <ignored/>
  </testcase> <!-- activeStatusDisplayed -->
  <testcase classname="Testcase.UserMaster" name="checkThatCancelAndOkButtonIsDisplayedOnGenderModelPage" time="0.0">
    <ignored/>
  </testcase> <!-- checkThatCancelAndOkButtonIsDisplayedOnGenderModelPage -->
  <testcase classname="Testcase.UserMaster" name="loginID" time="0.0">
    <ignored/>
  </testcase> <!-- loginID -->
  <testcase classname="Testcase.UserMaster" name="enterName" time="0.0">
    <ignored/>
  </testcase> <!-- enterName -->
</testsuite> <!-- Default test -->
