<?xml version="1.0" encoding="UTF-8"?>
<testng-results ignored="0" total="1" passed="1" failed="0" skipped="0">
  <reporter-output>
  </reporter-output>
  <suite started-at="2024-09-03T15:47:35 IST" name="Default suite" finished-at="2024-09-03T15:48:23 IST" duration-ms="48656">
    <groups>
    </groups>
    <test started-at="2024-09-03T15:47:35 IST" name="Default test" finished-at="2024-09-03T15:48:23 IST" duration-ms="48656">
      <class name="Testcase.UserMaster">
        <test-method is-config="true" signature="setUp()[pri:0, instance:Testcase.UserMaster@7fd50002]" started-at="2024-09-03T15:47:35 IST" name="setUp" finished-at="2024-09-03T15:47:46 IST" duration-ms="10895" status="PASS">
          <reporter-output>
          </reporter-output>
        </test-method> <!-- setUp -->
        <test-method signature="checkAfterSelectAllRoleThenClickOnCancelFromModelNoRoleDisplayedOnForm()[pri:0, instance:Testcase.UserMaster@7fd50002]" started-at="2024-09-03T15:47:46 IST" name="checkAfterSelectAllRoleThenClickOnCancelFromModelNoRoleDisplayedOnForm" finished-at="2024-09-03T15:48:23 IST" duration-ms="37695" status="PASS">
          <reporter-output>
          </reporter-output>
        </test-method> <!-- checkAfterSelectAllRoleThenClickOnCancelFromModelNoRoleDisplayedOnForm -->
        <test-method is-config="true" signature="tearDown()[pri:0, instance:Testcase.UserMaster@7fd50002]" started-at="2024-09-03T15:48:23 IST" name="tearDown" finished-at="2024-09-03T15:48:23 IST" duration-ms="0" status="PASS">
          <reporter-output>
          </reporter-output>
        </test-method> <!-- tearDown -->
      </class> <!-- Testcase.UserMaster -->
    </test> <!-- Default test -->
  </suite> <!-- Default suite -->
</testng-results>
